app/seeds.txt
com.home.glx.uwallet.adapter.MyInvestmentAdapter: int getItemCount()
com.home.glx.uwallet.R$color: int abc_search_url_text_normal
com.home.glx.uwallet.datas.InvestedOnDetailDatas: long interestBegin
com.home.glx.uwallet.R$styleable: int ActionBar_title
com.home.glx.uwallet.R$styleable: int AppBarLayoutStates_state_lifted
com.home.glx.uwallet.R$string: int fenqi
com.home.glx.uwallet.R$layout: int item_bottomdialog
com.home.glx.uwallet.mvp.Home_m
com.home.glx.uwallet.R$styleable: int AppCompatTheme_actionModeCloseDrawable
com.home.glx.uwallet.datas.WhetherOpenFenQiDatas: WhetherOpenFenQiDatas()
com.home.glx.uwallet.R$layout: int mtrl_layout_snackbar
com.home.glx.uwallet.tools.SharePreferenceUtils: void clear()
com.home.glx.uwallet.R$styleable: int RecyclerView_android_orientation
com.home.glx.uwallet.mvp.MyInvestment_m: android.content.Context context
com.home.glx.uwallet.datas.UserAllMsgDatas: void setCity(java.lang.String)
com.home.glx.uwallet.R$drawable: int abc_ab_share_pack_mtrl_alpha
com.home.glx.uwallet.R$style: int Base_Theme_AppCompat_Light_DialogWhenLarge
com.home.glx.uwallet.R$layout: int activity_start
com.home.glx.uwallet.R$integer: int mtrl_btn_anim_duration_ms
com.home.glx.uwallet.R$id: int MatchLayout
com.home.glx.uwallet.activity.MessageActivity
com.home.glx.uwallet.R$id: int end
com.home.glx.uwallet.datas.WalletTransactioData$ListBean: double getFee()
com.home.glx.uwallet.R$dimen: int mtrl_navigation_item_horizontal_padding
com.home.glx.uwallet.R$style: int Base_Theme_AppCompat_CompactMenu
com.home.glx.uwallet.selfview.TransferDialog: com.home.glx.uwallet.selfview.MyDialog access$000(com.home.glx.uwallet.selfview.TransferDialog)
com.home.glx.uwallet.datas.FenQiRepayDatas$ProductsBean: void setCreatedBy(java.lang.String)
com.home.glx.uwallet.datas.ScanUserImgDatas: java.lang.String getUserType()
com.home.glx.uwallet.R$styleable: int[] ScrimInsetsFrameLayout
com.home.glx.uwallet.R$styleable: int[] FunGameHitBlockHeader
com.home.glx.uwallet.datas.LoginDatas: LoginDatas()
com.home.glx.uwallet.adapter.HomeProductAdapter: HomeProductAdapter(android.content.Context,java.util.List)
com.home.glx.uwallet.mvp.LiCai_m: void getListData(java.util.Map)
com.home.glx.uwallet.R$styleable: int AppCompatTheme_windowActionBar
com.home.glx.uwallet.R$styleable: int SearchView_searchHintIcon
com.home.glx.uwallet.R$styleable: int MaterialHeader_mhShadowRadius
com.home.glx.uwallet.selfview.choicetime.wheelview.WheelView: int calculateLayoutWidth(int,int)
com.home.glx.uwallet.R$string: int paixi_account
com.home.glx.uwallet.R$attr: int insetForeground
com.home.glx.uwallet.R$attr: int srlEnableScrollContentWhenRefreshed
com.home.glx.uwallet.R$layout: int abc_alert_dialog_material
com.home.glx.uwallet.datas.AboutDatas
com.home.glx.uwallet.R$id: int handling_fee
com.home.glx.uwallet.datas.WalletTransactioData$ResultBean$ShowTypeBean: int getCreatedBy()
com.home.glx.uwallet.mvp.CheckPayPassword_in$View: void setPasswordStatus(java.lang.String)
com.home.glx.uwallet.mvp.ScanRepay_in$View: void setFenQiData(com.home.glx.uwallet.datas.FenQiRepayDatas)
com.home.glx.uwallet.R$styleable: int AppCompatTheme_actionBarTabStyle
com.home.glx.uwallet.R$color: int mtrl_btn_text_color_disabled
com.home.glx.uwallet.R$styleable: int BottomNavigationView_elevation
com.home.glx.uwallet.R$attr: int srlDrawableProgressSize
com.home.glx.uwallet.selfview.PwdEditText: void setCircle(int)
com.home.glx.uwallet.R$attr: int srlEnableRefresh
com.home.glx.uwallet.R$styleable: int ConstraintSet_android_rotation
com.home.glx.uwallet.datas.BankDatas: java.lang.String getCountry()
com.home.glx.uwallet.mvp.FinancialProductDetails_in$Model: void getInvestedOnDetail(java.util.Map)
com.home.glx.uwallet.R$drawable: int abc_list_selector_background_transition_holo_light
com.home.glx.uwallet.selfview.choicetime.wheelview.adapter.AbstractWheelTextAdapter: AbstractWheelTextAdapter(android.content.Context,int)
com.home.glx.uwallet.datas.ScanImgDatas: java.lang.String getState()
...
com.youth.banner.WeakHandler: WeakHandler(android.os.Handler$Callback)
android.support.coreui.R$attr: int statusBarBackground
com.yzq.zxinglibrary.R$id: int tag_unhandled_key_event_manager
android.support.v7.appcompat.R$id: int submenuarrow
com.youth.banner.Banner: com.youth.banner.listener.OnBannerListener access$900(com.youth.banner.Banner)
android.support.v4.app.NotificationCompat: java.lang.String EXTRA_HIDDEN_CONVERSATION_TITLE
pub.devrel.easypermissions.R$attr: int windowActionBarOverlay
android.support.v4.app.NotificationCompat$MessagingStyle: java.lang.CharSequence getConversationTitle()
pub.devrel.easypermissions.R$id: int tabMode
android.support.v4.view.accessibility.AccessibilityNodeInfoCompat: boolean isDismissable()
com.yzq.zxinglibrary.R$attr: int useCompatPadding
android.support.constraint.R$styleable: int ConstraintLayout_Layout_layout_constraintVertical_weight
android.support.loader.R$attr
com.wang.avi.indicators.BallRotateIndicator
com.youth.banner.listener.OnBannerClickListener
android.support.design.widget.FloatingActionButton: void setRippleColor(int)
android.support.v4.view.ViewPropertyAnimatorCompat: android.support.v4.view.ViewPropertyAnimatorCompat rotationY(float)
com.yzq.zxinglibrary.R$styleable: int AppCompatTextView_autoSizeMaxTextSize
com.yzq.zxinglibrary.R$attr: int windowFixedHeightMajor
com.wang.avi.AVLoadingIndicatorView: void updateDrawableState()
android.support.v4.widget.SlidingPaneLayout: android.view.View mSlideableView
android.support.v4.view.ViewCompat$UnhandledKeyEventManager: java.util.ArrayList sViewsWithListeners
android.support.v4.widget.NestedScrollView: boolean requestChildRectangleOnScreen(android.view.View,android.graphics.Rect,boolean)
android.support.v7.widget.SwitchCompat: android.graphics.PorterDuff$Mode getThumbTintMode()
android.support.transition.R$attr: int fontWeight
android.support.v7.widget.AppCompatButton: void setCustomSelectionActionModeCallback(android.view.ActionMode$Callback)
android.support.v4.view.MenuItemCompat: void setShortcut(android.view.MenuItem,char,char,int,int)
com.yzq.zxinglibrary.R$dimen: int abc_text_size_caption_material
android.support.compat.R$style: int TextAppearance_Compat_Notification
android.support.v4.app.FragmentManager$OnBackStackChangedListener: void onBackStackChanged()
android.support.v4.app.ActivityOptionsCompat$ActivityOptionsCompatImpl: android.app.ActivityOptions mActivityOptions
com.youth.banner.Banner: Banner(android.content.Context,android.util.AttributeSet)
pub.devrel.easypermissions.R$attr: int actionOverflowButtonStyle
android.support.v7.appcompat.R$styleable: int AlertDialog_buttonIconDimen
com.lixs.charts.R$id: int search_bar
android.support.v4.view.ViewCompat: int combineMeasuredStates(int,int)
android.support.v4.view.accessibility.AccessibilityNodeInfoCompat: android.support.v4.view.accessibility.AccessibilityNodeInfoCompat wrapNonNullInstance(java.lang.Object)
com.yzq.zxinglibrary.R$attr: int textAppearanceSubtitle1
android.support.v4.app.NotificationCompat$Builder: java.lang.CharSequence mContentText
android.support.design.widget.TabLayout: void setupWithViewPager(android.support.v4.view.ViewPager)
com.yzq.zxinglibrary.R$attr: int windowActionBarOverlay
android.support.design.R$attr: int titleTextColor
android.support.constraint.R$styleable: int ConstraintLayout_Layout_layout_constraintVertical_chainStyle
com.lixs.charts.R$dimen: R$dimen()
android.support.v7.recyclerview.R$style: int Widget_Compat_NotificationActionContainer
com.yzq.zxinglibrary.R$styleable: int AppCompatTheme_dividerVertical
android.support.v4.widget.ExploreByTouchHelper: int mHoveredVirtualViewId
com.yzq.zxinglibrary.R$color: int secondary_text_default_material_dark
com.wang.avi.indicators.BallScaleRippleIndicator$1: com.wang.avi.indicators.BallScaleRippleIndicator this$0
android.support.v7.appcompat.R$style: int RtlOverlay_Widget_AppCompat_PopupMenuItem_Title