app/unused.txt
com.home.glx.uwallet.selfview.choicetime.ChangeDatePopwindow2$CalendarTextAdapter
    public boolean is_month()
com.home.glx.uwallet.request.RequestUtils
    public void <init>()
    public void <init>(android.content.Context)
    public void setOnRequestData(com.home.glx.uwallet.request.RequestUtils$RequestData)
    public void setOnRequestData(com.home.glx.uwallet.request.RequestUtils$RequestDataStr)
com.home.glx.uwallet.BuildConfig
com.home.glx.uwallet.R
com.home.glx.uwallet.PermissionsBaseActivity
    public void initSimple(java.lang.String[])
    public static final int PERMISSION_STORAGE_CODE
    public static final int PERMISSION_STORAGE_MSG
com.home.glx.uwallet.request.RequestUrl
com.home.glx.uwallet.request.StaticParament
    public void <init>()
com.home.glx.uwallet.activity.ProductFragment.ProductInvestmentRecordFragment
    public static com.home.glx.uwallet.activity.ProductFragment.ProductInvestmentRecordFragment newInstance(java.lang.String)
com.home.glx.uwallet.activity.UserMsg_Activity
    private android.widget.RelativeLayout$LayoutParams key_lp
    private android.widget.RelativeLayout$LayoutParams val_lp
    private android.widget.RelativeLayout$LayoutParams line_lp
    private android.widget.LinearLayout$LayoutParams item_lp
com.home.glx.uwallet.activity.ChoiceRepayType_Activity
    private void openFenQi()
com.home.glx.uwallet.BaseFragment
    public boolean netWorkOk
com.home.glx.uwallet.adapter.CollectionNativeList_Adapter$ItemView
    public android.widget.ImageView idUserImg
    public final synthetic com.home.glx.uwallet.adapter.CollectionNativeList_Adapter this$0
com.home.glx.uwallet.activity.InvestmentNow_Activity
    public android.widget.TextView idProtocolText
    public int addItem
com.home.glx.uwallet.selfview.choicetime.ChangeDatePopwindow2$CalendarTextAdapter
    public final synthetic com.home.glx.uwallet.selfview.choicetime.ChangeDatePopwindow2 this$0
com.home.glx.uwallet.selfview.ChoiceMemberDialog$6$1
    public final synthetic com.home.glx.uwallet.selfview.ChoiceMemberDialog$6 this$1
com.home.glx.uwallet.request.RequestUtils
    public java.util.Map maps
com.home.glx.uwallet.adapter.MyInvestmentAdapter$TopView
    public final synthetic com.home.glx.uwallet.adapter.MyInvestmentAdapter this$0
com.home.glx.uwallet.mvp.HomeNotice_p$1
    public final synthetic com.home.glx.uwallet.mvp.HomeNotice_p this$0
com.home.glx.uwallet.BaseActivity
    public boolean netWorkOk
com.home.glx.uwallet.fragment.LiCaiFragment
    public android.widget.ImageView idLookImg
    public com.home.glx.uwallet.mvp.WhetherBuyProduct_p whetherBuyProduct_p
com.home.glx.uwallet.selfview.ChoiceMemberDialog$3
    public final synthetic com.home.glx.uwallet.selfview.ChoiceMemberDialog this$0
com.home.glx.uwallet.tools.CatchExceptionUtil$1
    public final synthetic com.home.glx.uwallet.tools.CatchExceptionUtil this$0
com.home.glx.uwallet.activity.MessageActivity$4
    public final synthetic com.home.glx.uwallet.activity.MessageActivity this$0
com.home.glx.uwallet.activity.Web_Activity$JavaScriptinterface
    public android.content.Context context
com.home.glx.uwallet.activity.ProductFragment.ProductMsgFragment
    public android.widget.TextView idFile1
    public android.widget.TextView idFile2
com.home.glx.uwallet.activity.SettingRepayPws_Activity
    public android.widget.TextView idTitle
com.home.glx.uwallet.adapter.FenQiFuBill_Adapter$ItemView
    public android.widget.Button idGoRepay
com.home.glx.uwallet.mvp.LiCai_p$1
    public final synthetic com.home.glx.uwallet.mvp.LiCai_p this$0
com.home.glx.uwallet.fragment.FindFragment
    public android.widget.ImageView idSelectImg
com.home.glx.uwallet.activity.CollectionCode_Activity
    public android.widget.ImageView idCollectionCodeImg
    public android.widget.ImageView idImg1
com.home.glx.uwallet.request.StaticParament
    public static java.lang.String USERDATA
    public static java.lang.String USER_LICAI
...
android.support.v7.app.AppCompatDelegateImpl$4
    public void <init>(android.support.v7.app.AppCompatDelegateImpl)
android.arch.lifecycle.FullLifecycleObserverAdapter$1
android.support.transition.ChangeBounds$8
    public final synthetic android.support.transition.ChangeBounds this$0
com.bumptech.glide.gifdecoder.GifHeader
    public int pixelAspect
    public int loopCount
android.support.v7.view.menu.ActionMenuItem
    public final int mCategoryOrder
    public int mIconResId
    public android.view.MenuItem$OnMenuItemClickListener mClickListener
com.bumptech.glide.load.engine.executor.RuntimeCompat$1
com.scwang.smartrefresh.layout.internal.pathview.PathParser
    public static void transformScaleNodes(float,float,com.scwang.smartrefresh.layout.internal.pathview.PathParser$PathDataNode[])
    public static void transformScaleCommand(float,float,char,float[])
com.scwang.smartrefresh.layout.api.DefaultRefreshHeaderCreator
    public abstract com.scwang.smartrefresh.layout.api.RefreshHeader createRefreshHeader(android.content.Context,com.scwang.smartrefresh.layout.api.RefreshLayout)
android.support.transition.ViewOverlayApi14$OverlayViewGroup
android.support.design.widget.FloatingActionButtonImpl$DisabledElevationAnimation
    public final synthetic android.support.design.widget.FloatingActionButtonImpl this$0
com.bumptech.glide.request.ResourceCallback
    public abstract void onResourceReady(com.bumptech.glide.load.engine.Resource,com.bumptech.glide.load.DataSource)
    public abstract void onLoadFailed(com.bumptech.glide.load.engine.GlideException)
okhttp3.RealCall$AsyncCall
    static void <clinit>()
    public static final synthetic boolean $assertionsDisabled
android.support.v7.widget.CardView
    public static synthetic void access$101(android.support.v7.widget.CardView,int)
    public static synthetic void access$201(android.support.v7.widget.CardView,int)
android.support.transition.TransitionPropagation
    public abstract long getStartDelay(android.view.ViewGroup,android.support.transition.Transition,android.support.transition.TransitionValues,android.support.transition.TransitionValues)
    public abstract void captureValues(android.support.transition.TransitionValues)
    public abstract java.lang.String[] getPropagationProperties()
okhttp3.OkHttpClient
    public final okhttp3.Cache cache
    public final okhttp3.internal.cache.InternalCache internalCache
com.bumptech.glide.load.engine.prefill.BitmapPreFiller
    public final com.bumptech.glide.load.engine.cache.MemoryCache memoryCache
    public final com.bumptech.glide.load.engine.bitmap_recycle.BitmapPool bitmapPool
    public final com.bumptech.glide.load.DecodeFormat defaultFormat
    public final android.os.Handler handler
android.support.v7.widget.CardView$1
    public void setMinWidthHeightInternal(int,int)
android.support.constraint.solver.LinearSystem
    public android.support.constraint.solver.ArrayRow[] tempClientsCopy
retrofit2.CompletableFutureCallAdapterFactory$ResponseCallAdapter$2
    public final synthetic retrofit2.CompletableFutureCallAdapterFactory$ResponseCallAdapter this$0
com.scwang.smartrefresh.header.material.CircleImageView$OvalShadow
android.support.design.widget.BottomNavigationView
    public final void addCompatibilityTopDivider(android.content.Context)
    public android.support.design.widget.BottomNavigationView$OnNavigationItemSelectedListener selectedListener
    public android.support.design.widget.BottomNavigationView$OnNavigationItemReselectedListener reselectedListener
retrofit2.CompletableFutureCallAdapterFactory$BodyCallAdapter$1
    public final synthetic retrofit2.CompletableFutureCallAdapterFactory$BodyCallAdapter this$0
android.support.transition.FragmentTransitionSupport$1
    public final synthetic android.graphics.Rect val$epicenter
    public final synthetic android.support.transition.FragmentTransitionSupport this$0